<?xml version="1.0" encoding="UTF-8"?>
<robot generator="Robot 4.0.3 (Python 3.9.6 on win32)" generated="20210630 19:19:55.715" rpa="false" schemaversion="2">
<suite id="s1" name="Argumentos" source="c:\Users\CASA\Documents\Projetos\Argumentos\Argumentos.robot">
<test id="s1-t1" name="Meu teste de soma">
<kw name="somar dois numeros">
<var>${resultado_da_soma}</var>
<arg>1</arg>
<arg>2</arg>
<kw name="Evaluate" library="BuiltIn">
<var>${resultado_da_expressao}</var>
<arg>${primeiro_num}+${segundo_num}</arg>
<doc>Evaluates the given expression in Python and returns the result.</doc>
<msg timestamp="20210630 19:19:55.795" level="INFO">${resultado_da_expressao} = 3</msg>
<status status="PASS" starttime="20210630 19:19:55.793" endtime="20210630 19:19:55.795"/>
</kw>
<kw name="Log To Console" library="BuiltIn">
<arg>${\n}O resultado é: ${resultado_da_expressao}</arg>
<doc>Logs the given message to the console.</doc>
<status status="PASS" starttime="20210630 19:19:55.796" endtime="20210630 19:19:55.796"/>
</kw>
<msg timestamp="20210630 19:19:55.796" level="INFO">${resultado_da_soma} = 3</msg>
<status status="PASS" starttime="20210630 19:19:55.789" endtime="20210630 19:19:55.796"/>
</kw>
<kw name="Log" library="BuiltIn">
<arg>${resultado_da_soma}</arg>
<doc>Logs the given message with the given level.</doc>
<msg timestamp="20210630 19:19:55.797" level="INFO">3</msg>
<status status="PASS" starttime="20210630 19:19:55.797" endtime="20210630 19:19:55.797"/>
</kw>
<kw name="somar dois numeros">
<var>${resultado_da_soma}</var>
<arg>${resultado_da_soma}</arg>
<arg>4</arg>
<kw name="Evaluate" library="BuiltIn">
<var>${resultado_da_expressao}</var>
<arg>${primeiro_num}+${segundo_num}</arg>
<doc>Evaluates the given expression in Python and returns the result.</doc>
<msg timestamp="20210630 19:19:55.799" level="INFO">${resultado_da_expressao} = 7</msg>
<status status="PASS" starttime="20210630 19:19:55.798" endtime="20210630 19:19:55.799"/>
</kw>
<kw name="Log To Console" library="BuiltIn">
<arg>${\n}O resultado é: ${resultado_da_expressao}</arg>
<doc>Logs the given message to the console.</doc>
<status status="PASS" starttime="20210630 19:19:55.799" endtime="20210630 19:19:55.799"/>
</kw>
<msg timestamp="20210630 19:19:55.800" level="INFO">${resultado_da_soma} = 7</msg>
<status status="PASS" starttime="20210630 19:19:55.797" endtime="20210630 19:19:55.800"/>
</kw>
<kw name="Log" library="BuiltIn">
<arg>${resultado_da_soma}</arg>
<doc>Logs the given message with the given level.</doc>
<msg timestamp="20210630 19:19:55.802" level="INFO">7</msg>
<status status="PASS" starttime="20210630 19:19:55.801" endtime="20210630 19:19:55.802"/>
</kw>
<status status="PASS" starttime="20210630 19:19:55.788" endtime="20210630 19:19:55.802"/>
</test>
<doc>Testando argumentos e retornos</doc>
<status status="PASS" starttime="20210630 19:19:55.718" endtime="20210630 19:19:55.803"/>
</suite>
<statistics>
<total>
<stat pass="1" fail="0" skip="0">All Tests</stat>
</total>
<tag>
</tag>
<suite>
<stat pass="1" fail="0" skip="0" id="s1" name="Argumentos">Argumentos</stat>
</suite>
</statistics>
<errors>
</errors>
</robot>
