<?xml version="1.0" encoding="UTF-8"?>
<robot generator="Robot 4.0.3 (Python 3.9.6 on win32)" generated="20210630 20:08:53.872" rpa="false" schemaversion="2">
<suite id="s1" name="Ifeelse" source="C:\Users\CASA\Documents\Projetos\primeexpert_junho_28_2021\ifeelse">
<suite id="s1-s1" name="IfeElse" source="C:\Users\CASA\Documents\Projetos\primeexpert_junho_28_2021\ifeelse\IfeElse">
<suite id="s1-s1-s1" name="IfeElse" source="C:\Users\CASA\Documents\Projetos\primeexpert_junho_28_2021\ifeelse\IfeElse\IfeElse.robot">
<test id="s1-s1-s1-t1" name="Jogo do adivinha">
<kw name="Eu tenho o numero">
<arg>5</arg>
<kw name="Ganhei o jogo &quot;${possuo_o_numero}&quot;" sourcename="Ganhei o jogo &quot;${numero_recebido}&quot;">
<kw name="Set Variable" library="BuiltIn">
<var>${mensagem_vencedora}</var>
<arg>voce ganhou o jogo</arg>
<doc>Returns the given values which can then be assigned to a variables.</doc>
<msg timestamp="20210630 20:08:53.957" level="INFO">${mensagem_vencedora} = voce ganhou o jogo</msg>
<status status="PASS" starttime="20210630 20:08:53.956" endtime="20210630 20:08:53.957"/>
</kw>
<if>
<branch type="IF" condition="${numero_recebido} == ${5}">
<kw name="Log To Console" library="BuiltIn">
<arg>${mensagem_vencedora}</arg>
<doc>Logs the given message to the console.</doc>
<status status="PASS" starttime="20210630 20:08:53.958" endtime="20210630 20:08:53.958"/>
</kw>
<status status="PASS" starttime="20210630 20:08:53.958" endtime="20210630 20:08:53.958"/>
</branch>
<branch type="ELSE IF" condition="${numero_recebido} == ${8}">
<kw name="Log To Console" library="BuiltIn">
<arg>${mensagem_vencedora}</arg>
<doc>Logs the given message to the console.</doc>
<status status="NOT RUN" starttime="20210630 20:08:53.959" endtime="20210630 20:08:53.959"/>
</kw>
<status status="NOT RUN" starttime="20210630 20:08:53.959" endtime="20210630 20:08:53.959"/>
</branch>
<branch type="ELSE">
<kw name="Log To Console" library="BuiltIn">
<arg>voce perdeu...</arg>
<doc>Logs the given message to the console.</doc>
<status status="NOT RUN" starttime="20210630 20:08:53.959" endtime="20210630 20:08:53.959"/>
</kw>
<status status="NOT RUN" starttime="20210630 20:08:53.959" endtime="20210630 20:08:53.959"/>
</branch>
<status status="PASS" starttime="20210630 20:08:53.957" endtime="20210630 20:08:53.959"/>
</if>
<status status="PASS" starttime="20210630 20:08:53.955" endtime="20210630 20:08:53.959"/>
</kw>
<status status="PASS" starttime="20210630 20:08:53.955" endtime="20210630 20:08:53.959"/>
</kw>
<status status="PASS" starttime="20210630 20:08:53.954" endtime="20210630 20:08:53.960"/>
</test>
<doc>Testando lacos(IF) com robot</doc>
<status status="PASS" starttime="20210630 20:08:53.922" endtime="20210630 20:08:53.962"/>
</suite>
<status status="PASS" starttime="20210630 20:08:53.917" endtime="20210630 20:08:53.966"/>
</suite>
<status status="PASS" starttime="20210630 20:08:53.875" endtime="20210630 20:08:53.971"/>
</suite>
<statistics>
<total>
<stat pass="1" fail="0" skip="0">All Tests</stat>
</total>
<tag>
</tag>
<suite>
<stat pass="1" fail="0" skip="0" id="s1" name="Ifeelse">Ifeelse</stat>
<stat pass="1" fail="0" skip="0" id="s1-s1" name="IfeElse">Ifeelse.IfeElse</stat>
<stat pass="1" fail="0" skip="0" id="s1-s1-s1" name="IfeElse">Ifeelse.IfeElse.IfeElse</stat>
</suite>
</statistics>
<errors>
</errors>
</robot>
