<?xml version="1.0" encoding="UTF-8"?>
<robot generator="Robot 4.0.3 (Python 3.9.6 on win32)" generated="20210630 19:50:22.565" rpa="false" schemaversion="2">
<suite id="s1" name="For" source="C:\Users\CASA\Documents\Projetos\primeexpert_junho_28_2021\for">
<suite id="s1-s1" name="FOR" source="C:\Users\CASA\Documents\Projetos\primeexpert_junho_28_2021\for\FOR.robot">
<test id="s1-s1-t1" name="Contando ate 9">
<kw name="Contar">
<arg>0</arg>
<arg>9</arg>
<for flavor="IN RANGE">
<var>${count}</var>
<value>${num_inicial}</value>
<value>${num_final}</value>
<iter>
<var name="${count}">0</var>
<kw name="Log To Console" library="BuiltIn">
<arg>${\n}Estou no numero: ${count}</arg>
<doc>Logs the given message to the console.</doc>
<status status="PASS" starttime="20210630 19:50:22.687" endtime="20210630 19:50:22.688"/>
</kw>
<status status="PASS" starttime="20210630 19:50:22.686" endtime="20210630 19:50:22.688"/>
</iter>
<iter>
<var name="${count}">1</var>
<kw name="Log To Console" library="BuiltIn">
<arg>${\n}Estou no numero: ${count}</arg>
<doc>Logs the given message to the console.</doc>
<status status="PASS" starttime="20210630 19:50:22.690" endtime="20210630 19:50:22.692"/>
</kw>
<status status="PASS" starttime="20210630 19:50:22.690" endtime="20210630 19:50:22.693"/>
</iter>
<iter>
<var name="${count}">2</var>
<kw name="Log To Console" library="BuiltIn">
<arg>${\n}Estou no numero: ${count}</arg>
<doc>Logs the given message to the console.</doc>
<status status="PASS" starttime="20210630 19:50:22.693" endtime="20210630 19:50:22.698"/>
</kw>
<status status="PASS" starttime="20210630 19:50:22.693" endtime="20210630 19:50:22.698"/>
</iter>
<iter>
<var name="${count}">3</var>
<kw name="Log To Console" library="BuiltIn">
<arg>${\n}Estou no numero: ${count}</arg>
<doc>Logs the given message to the console.</doc>
<status status="PASS" starttime="20210630 19:50:22.699" endtime="20210630 19:50:22.700"/>
</kw>
<status status="PASS" starttime="20210630 19:50:22.698" endtime="20210630 19:50:22.701"/>
</iter>
<iter>
<var name="${count}">4</var>
<kw name="Log To Console" library="BuiltIn">
<arg>${\n}Estou no numero: ${count}</arg>
<doc>Logs the given message to the console.</doc>
<status status="PASS" starttime="20210630 19:50:22.701" endtime="20210630 19:50:22.703"/>
</kw>
<status status="PASS" starttime="20210630 19:50:22.701" endtime="20210630 19:50:22.703"/>
</iter>
<iter>
<var name="${count}">5</var>
<kw name="Log To Console" library="BuiltIn">
<arg>${\n}Estou no numero: ${count}</arg>
<doc>Logs the given message to the console.</doc>
<status status="PASS" starttime="20210630 19:50:22.704" endtime="20210630 19:50:22.706"/>
</kw>
<status status="PASS" starttime="20210630 19:50:22.704" endtime="20210630 19:50:22.706"/>
</iter>
<iter>
<var name="${count}">6</var>
<kw name="Log To Console" library="BuiltIn">
<arg>${\n}Estou no numero: ${count}</arg>
<doc>Logs the given message to the console.</doc>
<status status="PASS" starttime="20210630 19:50:22.707" endtime="20210630 19:50:22.711"/>
</kw>
<status status="PASS" starttime="20210630 19:50:22.707" endtime="20210630 19:50:22.711"/>
</iter>
<iter>
<var name="${count}">7</var>
<kw name="Log To Console" library="BuiltIn">
<arg>${\n}Estou no numero: ${count}</arg>
<doc>Logs the given message to the console.</doc>
<status status="PASS" starttime="20210630 19:50:22.711" endtime="20210630 19:50:22.715"/>
</kw>
<status status="PASS" starttime="20210630 19:50:22.711" endtime="20210630 19:50:22.715"/>
</iter>
<iter>
<var name="${count}">8</var>
<kw name="Log To Console" library="BuiltIn">
<arg>${\n}Estou no numero: ${count}</arg>
<doc>Logs the given message to the console.</doc>
<status status="PASS" starttime="20210630 19:50:22.716" endtime="20210630 19:50:22.719"/>
</kw>
<status status="PASS" starttime="20210630 19:50:22.716" endtime="20210630 19:50:22.719"/>
</iter>
<status status="PASS" starttime="20210630 19:50:22.685" endtime="20210630 19:50:22.719"/>
</for>
<status status="PASS" starttime="20210630 19:50:22.683" endtime="20210630 19:50:22.720"/>
</kw>
<status status="PASS" starttime="20210630 19:50:22.682" endtime="20210630 19:50:22.720"/>
</test>
<doc>Testando lacos(FOR) com robot</doc>
<status status="PASS" starttime="20210630 19:50:22.636" endtime="20210630 19:50:22.724"/>
</suite>
<status status="PASS" starttime="20210630 19:50:22.569" endtime="20210630 19:50:22.731"/>
</suite>
<statistics>
<total>
<stat pass="1" fail="0" skip="0">All Tests</stat>
</total>
<tag>
</tag>
<suite>
<stat pass="1" fail="0" skip="0" id="s1" name="For">For</stat>
<stat pass="1" fail="0" skip="0" id="s1-s1" name="FOR">For.FOR</stat>
</suite>
</statistics>
<errors>
</errors>
</robot>
