<?xml version="1.0" encoding="UTF-8"?>
<robot generator="Robot 4.0.3 (Python 3.9.6 on win32)" generated="20210630 19:20:47.053" rpa="false" schemaversion="2">
<suite id="s1" name="Argumentos" source="C:\Users\CASA\Documents\Projetos\argumentos">
<suite id="s1-s1" name="Argumentos" source="C:\Users\CASA\Documents\Projetos\argumentos\Argumentos.robot">
<test id="s1-s1-t1" name="Meu teste de soma">
<kw name="somar dois numeros">
<var>${resultado_da_soma}</var>
<arg>1</arg>
<arg>2</arg>
<kw name="Evaluate" library="BuiltIn">
<var>${resultado_da_expressao}</var>
<arg>${primeiro_num}+${segundo_num}</arg>
<doc>Evaluates the given expression in Python and returns the result.</doc>
<msg timestamp="20210630 19:20:47.134" level="INFO">${resultado_da_expressao} = 3</msg>
<status status="PASS" starttime="20210630 19:20:47.128" endtime="20210630 19:20:47.134"/>
</kw>
<kw name="Log To Console" library="BuiltIn">
<arg>${\n}O resultado é: ${resultado_da_expressao}</arg>
<doc>Logs the given message to the console.</doc>
<status status="PASS" starttime="20210630 19:20:47.134" endtime="20210630 19:20:47.136"/>
</kw>
<msg timestamp="20210630 19:20:47.137" level="INFO">${resultado_da_soma} = 3</msg>
<status status="PASS" starttime="20210630 19:20:47.127" endtime="20210630 19:20:47.137"/>
</kw>
<kw name="Log" library="BuiltIn">
<arg>${resultado_da_soma}</arg>
<doc>Logs the given message with the given level.</doc>
<msg timestamp="20210630 19:20:47.138" level="INFO">3</msg>
<status status="PASS" starttime="20210630 19:20:47.137" endtime="20210630 19:20:47.138"/>
</kw>
<kw name="somar dois numeros">
<var>${resultado_da_soma}</var>
<arg>${resultado_da_soma}</arg>
<arg>4</arg>
<kw name="Evaluate" library="BuiltIn">
<var>${resultado_da_expressao}</var>
<arg>${primeiro_num}+${segundo_num}</arg>
<doc>Evaluates the given expression in Python and returns the result.</doc>
<msg timestamp="20210630 19:20:47.142" level="INFO">${resultado_da_expressao} = 7</msg>
<status status="PASS" starttime="20210630 19:20:47.141" endtime="20210630 19:20:47.142"/>
</kw>
<kw name="Log To Console" library="BuiltIn">
<arg>${\n}O resultado é: ${resultado_da_expressao}</arg>
<doc>Logs the given message to the console.</doc>
<status status="PASS" starttime="20210630 19:20:47.142" endtime="20210630 19:20:47.143"/>
</kw>
<msg timestamp="20210630 19:20:47.144" level="INFO">${resultado_da_soma} = 7</msg>
<status status="PASS" starttime="20210630 19:20:47.139" endtime="20210630 19:20:47.144"/>
</kw>
<kw name="Log" library="BuiltIn">
<arg>${resultado_da_soma}</arg>
<doc>Logs the given message with the given level.</doc>
<msg timestamp="20210630 19:20:47.145" level="INFO">7</msg>
<status status="PASS" starttime="20210630 19:20:47.145" endtime="20210630 19:20:47.145"/>
</kw>
<status status="PASS" starttime="20210630 19:20:47.126" endtime="20210630 19:20:47.150"/>
</test>
<doc>Testando argumentos e retornos</doc>
<status status="PASS" starttime="20210630 19:20:47.104" endtime="20210630 19:20:47.152"/>
</suite>
<status status="PASS" starttime="20210630 19:20:47.057" endtime="20210630 19:20:47.156"/>
</suite>
<statistics>
<total>
<stat pass="1" fail="0" skip="0">All Tests</stat>
</total>
<tag>
</tag>
<suite>
<stat pass="1" fail="0" skip="0" id="s1" name="Argumentos">Argumentos</stat>
<stat pass="1" fail="0" skip="0" id="s1-s1" name="Argumentos">Argumentos.Argumentos</stat>
</suite>
</statistics>
<errors>
</errors>
</robot>
